[2021-10-15 06:57:11,719: INFO: training] ************* Begin Training *************
[2021-10-15 06:57:13,703: INFO: data_mgmt] MNIST data download
[2021-10-15 06:57:14,098: INFO: data_mgmt] Create validation data, training data and test data
[2021-10-15 06:57:14,307: INFO: model] Model created
[2021-10-15 06:57:28,284: INFO: training] ************* End Training *************



[2021-10-15 07:02:45,722: INFO: training] ************* Begin Training *************
[2021-10-15 07:02:47,734: INFO: data_mgmt] MNIST data download
[2021-10-15 07:02:48,159: INFO: data_mgmt] Create validation data, training data and test data
[2021-10-15 07:02:48,361: INFO: model] Model created
[2021-10-15 07:02:48,362: INFO: training] Start training
[2021-10-15 07:06:12,087: INFO: training] ************* Begin Training *************
[2021-10-15 07:06:14,095: INFO: data_mgmt] MNIST data download
[2021-10-15 07:06:14,499: INFO: data_mgmt] Create validation data, training data and test data
[2021-10-15 07:06:14,703: INFO: model] Model created
[2021-10-15 07:06:14,703: INFO: training] Start training
[2021-10-15 07:06:25,026: INFO: training] {'loss': [0.6044672727584839], 'accuracy': [0.8437818288803101], 'val_loss': [0.3115694224834442], 'val_accuracy': [0.9157999753952026]}
[2021-10-15 07:06:25,026: INFO: training] Training successful
[2021-10-15 07:06:26,724: INFO: training] ************* End Training *************



[2021-10-15 07:12:07,356: INFO: training] ************* Begin Training *************
[2021-10-15 07:12:09,406: INFO: data_mgmt] MNIST data download
[2021-10-15 07:12:09,815: INFO: data_mgmt] Create validation data, training data and test data
[2021-10-15 07:12:10,157: INFO: model] Model created
[2021-10-15 07:12:10,158: INFO: training] Start training
[2021-10-15 07:12:20,925: INFO: training] {'loss': [0.5891166925430298], 'accuracy': [0.8517454266548157], 'val_loss': [0.30413416028022766], 'val_accuracy': [0.9172000288963318]}
[2021-10-15 07:12:20,926: INFO: training] Training successful
[2021-10-15 07:12:22,010: INFO: training] ************* End Training *************



[2021-10-15 07:14:46,665: INFO: training] ************* Begin Training *************
[2021-10-15 07:14:49,178: INFO: data_mgmt] MNIST data download
[2021-10-15 07:14:49,617: INFO: data_mgmt] Create validation data, training data and test data
[2021-10-15 07:14:49,806: INFO: model] Model created
[2021-10-15 07:14:49,806: INFO: training] Start training
[2021-10-15 07:15:01,468: INFO: training] {'loss': [0.6201127767562866], 'accuracy': [0.8338000178337097], 'val_loss': [0.31231024861335754], 'val_accuracy': [0.9128000140190125]}
[2021-10-15 07:15:01,469: INFO: training] Training successful
[2021-10-15 07:15:02,356: INFO: training] ************* End Training *************



[2021-10-15 07:17:45,498: INFO: training] ************* Begin Training *************
[2021-10-15 07:17:47,491: INFO: data_mgmt] MNIST data download
[2021-10-15 07:17:47,893: INFO: data_mgmt] Create validation data, training data and test data
[2021-10-15 07:17:48,088: INFO: model] Model created
[2021-10-15 07:17:48,088: INFO: training] Start training
[2021-10-15 07:18:04,295: INFO: training] {'loss': [0.5999396443367004], 'accuracy': [0.8428909182548523], 'val_loss': [0.2990502119064331], 'val_accuracy': [0.91839998960495]}
[2021-10-15 07:18:04,295: INFO: training] Training successful
[2021-10-15 07:18:04,344: INFO: model] Model saved
[2021-10-15 07:18:06,338: INFO: common] Plot saved
[2021-10-15 07:18:06,339: INFO: training] ************* End Training *************



[2021-10-15 07:32:49,566: INFO: training] ************* Begin Training *************
[2021-10-15 07:32:52,142: INFO: data_mgmt] MNIST data download
[2021-10-15 07:32:52,688: INFO: data_mgmt] Create validation data, training data and test data
[2021-10-15 07:32:52,912: INFO: model] Model created
[2021-10-15 07:32:52,912: INFO: training] Start training, Epochs:3
[2021-10-15 07:33:22,074: INFO: training] {'loss': [0.590878963470459, 0.2838280498981476, 0.23268046975135803], 'accuracy': [0.8460363745689392, 0.9187818169593811, 0.9334181547164917], 'val_loss': [0.2941533923149109, 0.2375783622264862, 0.20419752597808838], 'val_accuracy': [0.9196000099182129, 0.9344000220298767, 0.9434000253677368]}
[2021-10-15 07:33:22,074: INFO: training] Training successful
[2021-10-15 07:33:22,105: INFO: model] Model saved
[2021-10-15 07:33:23,579: INFO: common] Plot saved
[2021-10-15 07:33:23,579: INFO: training] ************* End Training *************



[2021-10-17 05:27:39,551: INFO: training] ************* Begin Training *************
[2021-10-17 05:27:43,027: INFO: data_mgmt] MNIST data download
[2021-10-17 05:27:43,617: INFO: data_mgmt] Create validation data, training data and test data
[2021-10-17 05:27:44,027: INFO: model] Model created
[2021-10-17 05:27:44,028: INFO: training] Start training, Epochs:3
[2021-10-17 05:28:04,940: INFO: training] {'loss': [0.6042090654373169, 0.29157140851020813, 0.2384209930896759], 'accuracy': [0.8415818214416504, 0.9160909056663513, 0.9319454431533813], 'val_loss': [0.30756890773773193, 0.24421316385269165, 0.20322056114673615], 'val_accuracy': [0.9192000031471252, 0.9332000017166138, 0.9412000179290771]}
[2021-10-17 05:28:04,941: INFO: training] Training successful
[2021-10-17 05:28:04,972: INFO: model] Model saved
[2021-10-17 05:28:06,632: INFO: common] Plot saved
[2021-10-17 05:28:06,632: INFO: training] ************* End Training *************



[2021-10-21 06:09:42,064: INFO: training] ************* Begin Training *************
[2021-10-21 06:09:44,626: INFO: data_mgmt] MNIST data download
[2021-10-21 06:09:45,079: INFO: data_mgmt] Create validation data, training data and test data
[2021-10-21 06:09:45,376: INFO: model] Model created
[2021-10-21 06:09:45,391: INFO: training] Start training, Epochs:3
[2021-10-21 06:10:20,367: INFO: training] {'loss': [0.6197697520256042, 0.29163748025894165, 0.23968659341335297], 'accuracy': [0.8447272777557373, 0.9167454838752747, 0.932381808757782], 'val_loss': [0.30462363362312317, 0.24468713998794556, 0.20618169009685516], 'val_accuracy': [0.9169999957084656, 0.9340000152587891, 0.9417999982833862]}
[2021-10-21 06:10:20,383: INFO: training] Training successful
[2021-10-21 06:10:20,383: INFO: training] Exception occurred.
[2021-10-21 06:10:20,383: INFO: training] ************* End Training *************



[2021-10-21 06:32:00,165: INFO: training] ************* Begin Training *************
[2021-10-21 06:32:02,086: INFO: data_mgmt] MNIST data download
[2021-10-21 06:32:02,492: INFO: data_mgmt] Create validation data, training data and test data
[2021-10-21 06:32:02,680: INFO: model] Model created
[2021-10-21 06:32:02,695: INFO: training] Start training, Epochs:3
[2021-10-21 06:32:39,346: INFO: training] {'loss': [0.6285796761512756, 0.29214751720428467, 0.2380017787218094], 'accuracy': [0.8329272866249084, 0.9169818162918091, 0.9318000078201294], 'val_loss': [0.3116677403450012, 0.25121864676475525, 0.20129802823066711], 'val_accuracy': [0.9160000085830688, 0.9308000206947327, 0.9413999915122986]}
[2021-10-21 06:32:39,346: INFO: training] Training successful
[2021-10-21 06:32:40,971: INFO: training] Evaluation successful
[2021-10-21 06:32:40,971: INFO: training] Exception occurred.
[2021-10-21 06:32:40,971: ERROR: training] get_unique_filename() missing 1 required positional argument: 'path_dir'
Traceback (most recent call last):
  File "src/training.py", line 63, in training
    save_model(model, model_name, model_dir_path, logger)
  File "d:\ineuron\dlcvnlp\ann_implimentation-dlcvnlp-demo\src\utils\model.py", line 21, in save_model
    unique_filename = get_unique_filename(model_name)
TypeError: get_unique_filename() missing 1 required positional argument: 'path_dir'
[2021-10-21 06:32:40,971: INFO: training] ************* End Training *************



[2021-10-21 06:37:32,164: INFO: training] ************* Begin Training *************
[2021-10-21 06:37:34,132: INFO: data_mgmt] MNIST data download
[2021-10-21 06:37:34,554: INFO: data_mgmt] Create validation data, training data and test data
[2021-10-21 06:37:34,741: INFO: model] Model created
[2021-10-21 06:37:34,757: INFO: training] Start training, Epochs:3
[2021-10-21 06:38:09,023: INFO: training] {'loss': [0.5983619093894958, 0.28761619329452515, 0.23462925851345062], 'accuracy': [0.8465818166732788, 0.9184908866882324, 0.9332545399665833], 'val_loss': [0.3167276978492737, 0.24021051824092865, 0.2070167064666748], 'val_accuracy': [0.9075999855995178, 0.9318000078201294, 0.9426000118255615]}
[2021-10-21 06:38:09,023: INFO: training] Training successful
[2021-10-21 06:38:10,647: INFO: training] Evaluation successful
[2021-10-21 06:38:10,647: INFO: training] Exception occurred.
[2021-10-21 06:38:10,647: ERROR: training] get_unique_filename() missing 1 required positional argument: 'path_dir'
Traceback (most recent call last):
  File "src/training.py", line 63, in training
    save_model(model, model_name, model_dir_path, logger)
  File "d:\ineuron\dlcvnlp\ann_implimentation-dlcvnlp-demo\src\utils\model.py", line 21, in save_model
    unique_filename = get_unique_filename(model_name)
TypeError: get_unique_filename() missing 1 required positional argument: 'path_dir'
[2021-10-21 06:38:10,647: INFO: training] ************* End Training *************



[2021-10-21 06:42:40,600: INFO: training] ************* Begin Training *************
[2021-10-21 06:42:42,490: INFO: data_mgmt] MNIST data download
[2021-10-21 06:42:42,880: INFO: data_mgmt] Create validation data, training data and test data
[2021-10-21 06:42:43,084: INFO: model] Model created
[2021-10-21 06:42:43,084: INFO: training] Start training, Epochs:3
[2021-10-21 06:43:16,622: INFO: training] {'loss': [0.608008623123169, 0.28363656997680664, 0.23101727664470673], 'accuracy': [0.8461999893188477, 0.9187454581260681, 0.9338545203208923], 'val_loss': [0.3022129535675049, 0.23298951983451843, 0.19757360219955444], 'val_accuracy': [0.91839998960495, 0.9368000030517578, 0.9459999799728394]}
[2021-10-21 06:43:16,622: INFO: training] Training successful
[2021-10-21 06:43:18,106: INFO: training] Evaluation successful
[2021-10-21 06:43:18,153: INFO: model] Model saved
[2021-10-21 06:43:19,437: INFO: common] Plot saved
[2021-10-21 06:43:19,437: INFO: training] ************* End Training *************



[2021-10-21 07:22:19,288: INFO: training] ************* Begin Training *************
[2021-10-21 07:22:21,303: INFO: data_mgmt] MNIST data download
[2021-10-21 07:22:21,740: INFO: data_mgmt] Create validation data, training data and test data
[2021-10-21 07:22:21,944: INFO: model] Model created
[2021-10-21 07:22:21,944: INFO: training] Start training, Epochs:3
[2021-10-21 07:22:55,982: INFO: training] {'loss': [0.6119547486305237, 0.2881646752357483, 0.23481385409832], 'accuracy': [0.8418181538581848, 0.9176727533340454, 0.9333454370498657], 'val_loss': [0.30890965461730957, 0.2377411127090454, 0.20417256653308868], 'val_accuracy': [0.9160000085830688, 0.9318000078201294, 0.9404000043869019]}
[2021-10-21 07:22:55,982: INFO: training] Training successful
[2021-10-21 07:22:57,560: INFO: training] Evaluation successful
[2021-10-21 07:22:57,607: INFO: model] Model saved
[2021-10-21 07:22:58,750: INFO: common] Plot saved
[2021-10-21 07:22:58,750: INFO: training] ************* End Training *************



